<?xml version="1.0" encoding="UTF-8"?>
<!-- Generated by org.testng.reporters.JUnitReportReporter -->
<testsuite skipped="0" hostname="Home_E6440" name="stewartpu.MagicMouse.SeleniumTest" tests="2" failures="0" timestamp="16 Jul 2018 02:48:57 GMT" time="34.120" errors="0">
  <testcase name="e2eTransaction" time="26.015" classname="stewartpu.MagicMouse.SeleniumTest"/>
  <testcase name="login" time="8.105" classname="stewartpu.MagicMouse.SeleniumTest"/>
</testsuite> <!-- stewartpu.MagicMouse.SeleniumTest -->
