<?xml version="1.0" encoding="UTF-8"?>
<!-- Generated by org.testng.reporters.JUnitReportReporter -->
<testsuite skipped="0" hostname="Home_E6440" name="stewartpu.MagicMouse.AppiumTest" tests="2" failures="0" timestamp="16 Jul 2018 02:48:57 GMT" time="0.003" errors="0">
  <testcase name="androidTest" time="0.002" classname="stewartpu.MagicMouse.AppiumTest"/>
  <testcase name="iOSTest" time="0.001" classname="stewartpu.MagicMouse.AppiumTest"/>
</testsuite> <!-- stewartpu.MagicMouse.AppiumTest -->
