<?xml version="1.0" encoding="UTF-8"?>
<!-- Generated by org.testng.reporters.JUnitReportReporter -->
<testsuite skipped="0" hostname="Home_E6440" name="stewartpu.MagicMouse.RESTAPITest" tests="2" failures="0" timestamp="16 Jul 2018 02:48:57 GMT" time="0.002" errors="0">
  <testcase name="postJIRA" time="0.001" classname="stewartpu.MagicMouse.RESTAPITest"/>
  <testcase name="deleteTwitter" time="0.001" classname="stewartpu.MagicMouse.RESTAPITest"/>
</testsuite> <!-- stewartpu.MagicMouse.RESTAPITest -->
