<?xml version="1.0" encoding="UTF-8"?>
<!-- Generated by org.testng.reporters.JUnitReportReporter -->
<testsuite skipped="0" hostname="Home_E6440" name="stewartpu.MagicMouse.SeleniumTest" tests="1" failures="0" timestamp="16 Jul 2018 01:36:23 GMT" time="27.529" errors="0">
  <testcase name="e2eTransaction" time="27.529" classname="stewartpu.MagicMouse.SeleniumTest"/>
</testsuite> <!-- stewartpu.MagicMouse.SeleniumTest -->
